Build started 2017/2/26 11:02:24.
     1>Project "E:\sport\sportManageSystem\sportManageSystem\sportManageSystem.vcxproj" on node 2 (Build target(s)).
     1>ClCompile:
         C:\softWare\codeTools\Visual_Studio_2013\VC\bin\CL.exe /c /ZI /nologo /W3 /WX- /sdl /Od /Oy- /D WIN32 /D _DEBUG /D _CONSOLE /D _LIB /D _UNICODE /D UNICODE /Gm /EHsc /RTC1 /MDd /GS /fp:precise /Zc:wchar_t /Zc:forScope /Fo"Debug\\" /Fd"Debug\vc120.pdb" /Gd /TP /analyze- /errorReport:prompt -ID:/gtk_3_20/include/gtk-3.0 -ID:/gtk_3_20/include/cairo -ID:/gtk_3_20/include -ID:/gtk_3_20/include/pango-1.0 -ID:/gtk_3_20/include/atk-1.0 -ID:/gtk_3_20/include/cairo -ID:/gtk_3_20/include/pixman-1 -ID:/gtk_3_20/include -ID:/gtk_3_20/include/freetype2 -ID:/gtk_3_20/include/libpng16 -ID:/gtk_3_20/include/harfbuzz -ID:/gtk_3_20/include/glib-2.0 -ID:/gtk_3_20/lib/glib-2.0/include -ID:/gtk_3_20/include -ID:/gtk_3_20/include/freetype2 -ID:/gtk_3_20/include -ID:/gtk_3_20/include/harfbuzz -I/mingw64/include -ID:/gtk_3_20/include/libpng16 -ID:/gtk_3_20/include/gdk-pixbuf-2.0 -ID:/gtk_3_20/include/libpng16 -ID:/gtk_3_20/include/glib-2.0 -ID:/gtk_3_20/lib/glib-2.0/include -ID:/gtk_3_20/include main.cpp
         main.cpp
     1>d:\gtk_3_20\include\gtk-3.0\gdk\gdkversionmacros.h : warning C4819: The file contains a character that cannot be represented in the current code page (936). Save the file in Unicode format to prevent data loss
     1>d:\gtk_3_20\include\glib-2.0\gobject\gsignal.h : warning C4819: The file contains a character that cannot be represented in the current code page (936). Save the file in Unicode format to prevent data loss
     1>d:\gtk_3_20\include\glib-2.0\gio\gdatagrambased.h : warning C4819: The file contains a character that cannot be represented in the current code page (936). Save the file in Unicode format to prevent data loss
     1>d:\gtk_3_20\include\gtk-3.0\gdk\gdktypes.h : warning C4819: The file contains a character that cannot be represented in the current code page (936). Save the file in Unicode format to prevent data loss
     1>d:\gtk_3_20\include\gtk-3.0\gdk\gdkevents.h : warning C4819: The file contains a character that cannot be represented in the current code page (936). Save the file in Unicode format to prevent data loss
     1>d:\gtk_3_20\include\gtk-3.0\gdk\gdkdevice.h : warning C4819: The file contains a character that cannot be represented in the current code page (936). Save the file in Unicode format to prevent data loss
     1>d:\gtk_3_20\include\gtk-3.0\gdk\gdkevents.h(806): warning C4819: The file contains a character that cannot be represented in the current code page (936). Save the file in Unicode format to prevent data loss
     1>d:\gtk_3_20\include\gtk-3.0\gdk\gdkwindow.h : warning C4819: The file contains a character that cannot be represented in the current code page (936). Save the file in Unicode format to prevent data loss
     1>d:\gtk_3_20\include\gtk-3.0\gdk\gdkkeys.h : warning C4819: The file contains a character that cannot be represented in the current code page (936). Save the file in Unicode format to prevent data loss
     1>d:\gtk_3_20\include\gtk-3.0\gtk\gtkwindow.h : warning C4819: The file contains a character that cannot be represented in the current code page (936). Save the file in Unicode format to prevent data loss
     1>d:\gtk_3_20\include\gtk-3.0\gtk\gtkwidget.h : warning C4819: The file contains a character that cannot be represented in the current code page (936). Save the file in Unicode format to prevent data loss
     1>d:\gtk_3_20\include\gtk-3.0\gtk\gtkenums.h : warning C4819: The file contains a character that cannot be represented in the current code page (936). Save the file in Unicode format to prevent data loss
     1>d:\gtk_3_20\include\gtk-3.0\gtk\gtkenums.h(926): warning C4819: The file contains a character that cannot be represented in the current code page (936). Save the file in Unicode format to prevent data loss
     1>d:\gtk_3_20\include\gtk-3.0\gtk\gtkmenu.h : warning C4819: The file contains a character that cannot be represented in the current code page (936). Save the file in Unicode format to prevent data loss
     1>d:\gtk_3_20\include\gtk-3.0\gtk\gtktreeviewcolumn.h : warning C4819: The file contains a character that cannot be represented in the current code page (936). Save the file in Unicode format to prevent data loss
     1>d:\gtk_3_20\include\gtk-3.0\gtk\gtktreesortable.h : warning C4819: The file contains a character that cannot be represented in the current code page (936). Save the file in Unicode format to prevent data loss
     1>d:\gtk_3_20\include\gtk-3.0\gtk\gtkcellarea.h : warning C4819: The file contains a character that cannot be represented in the current code page (936). Save the file in Unicode format to prevent data loss
     1>d:\gtk_3_20\include\gtk-3.0\gtk\gtktextiter.h : warning C4819: The file contains a character that cannot be represented in the current code page (936). Save the file in Unicode format to prevent data loss
     1>d:\gtk_3_20\include\gtk-3.0\gtk\gtktextchild.h : warning C4819: The file contains a character that cannot be represented in the current code page (936). Save the file in Unicode format to prevent data loss
     1>d:\gtk_3_20\include\gtk-3.0\gtk\gtkassistant.h : warning C4819: The file contains a character that cannot be represented in the current code page (936). Save the file in Unicode format to prevent data loss
     1>d:\gtk_3_20\include\gtk-3.0\gtk\gtkbuildable.h : warning C4819: The file contains a character that cannot be represented in the current code page (936). Save the file in Unicode format to prevent data loss
     1>d:\gtk_3_20\include\gtk-3.0\gtk\gtkstylecontext.h : warning C4819: The file contains a character that cannot be represented in the current code page (936). Save the file in Unicode format to prevent data loss
     1>d:\gtk_3_20\include\gtk-3.0\gtk\gtkprintoperation.h : warning C4819: The file contains a character that cannot be represented in the current code page (936). Save the file in Unicode format to prevent data loss
     1>d:\gtk_3_20\include\gtk-3.0\gtk\gtkprintsettings.h : warning C4819: The file contains a character that cannot be represented in the current code page (936). Save the file in Unicode format to prevent data loss
     1>d:\gtk_3_20\include\gtk-3.0\gtk\gtkrecentchooser.h : warning C4819: The file contains a character that cannot be represented in the current code page (936). Save the file in Unicode format to prevent data loss
     1>d:\gtk_3_20\include\gtk-3.0\gtk\gtkrecentmanager.h : warning C4819: The file contains a character that cannot be represented in the current code page (936). Save the file in Unicode format to prevent data loss
     1>d:\gtk_3_20\include\gtk-3.0\gtk\gtksettings.h : warning C4819: The file contains a character that cannot be represented in the current code page (936). Save the file in Unicode format to prevent data loss
     1>d:\gtk_3_20\include\gtk-3.0\gtk\gtktextbuffer.h : warning C4819: The file contains a character that cannot be represented in the current code page (936). Save the file in Unicode format to prevent data loss
     1>d:\gtk_3_20\include\gtk-3.0\gtk\deprecated\gtkstock.h : warning C4819: The file contains a character that cannot be represented in the current code page (936). Save the file in Unicode format to prevent data loss
     1>d:\gtk_3_20\include\gtk-3.0\gtk\deprecated\gtkrc.h : warning C4819: The file contains a character that cannot be represented in the current code page (936). Save the file in Unicode format to prevent data loss
     1>d:\gtk_3_20\include\gtk-3.0\gtk\deprecated\gtkuimanager.h : warning C4819: The file contains a character that cannot be represented in the current code page (936). Save the file in Unicode format to prevent data loss
     1>e:\sport\sportmanagesystem\sportmanagesystem\event.h(116): warning C4715: 'getEventNodeByID' : not all control paths return a value
     1>e:\sport\sportmanagesystem\sportmanagesystem\unit.h(124): warning C4715: 'getUnitNodeByID' : not all control paths return a value
     1>e:\sport\sportmanagesystem\sportmanagesystem\referee.h(119): warning C4715: 'getRefereeNodeByID' : not all control paths return a value
       Link:
         C:\softWare\codeTools\Visual_Studio_2013\VC\bin\link.exe /ERRORREPORT:PROMPT /OUT:"E:\sport\sportManageSystem\Debug\sportManageSystem.exe" /INCREMENTAL /NOLOGO kernel32.lib user32.lib gdi32.lib winspool.lib comdlg32.lib advapi32.lib shell32.lib ole32.lib oleaut32.lib uuid.lib odbc32.lib odbccp32.lib /MANIFEST /MANIFESTUAC:"level='asInvoker' uiAccess='false'" /manifest:embed /DEBUG /PDB:"E:\sport\sportManageSystem\Debug\sportManageSystem.pdb" /SUBSYSTEM:CONSOLE /TLBID:1 /DYNAMICBASE /NXCOMPAT /IMPLIB:"E:\sport\sportManageSystem\Debug\sportManageSystem.lib" /MACHINE:X86 edit.lib libasprintf-0.lib libatk-1.0-0.lib libatomic-1.lib libbz2-1.lib libcairo-2.lib libcairo-gobject-2.lib libcairo-script-interpreter-2.lib libcharset-1.lib libcroco-0.6-3.lib libepoxy-0.lib libexpat-1.lib libffi-6.lib libfontconfig-1.lib libfreetype-6.lib libgailutil-3-0.lib libgcc_s_seh-1.lib libgdk-3-0.lib libgdk_pixbuf-2.0-0.lib libgettextlib-0-19-7.lib libgettextpo-0.lib libgettextsrc-0-19-7.lib libgio-2.0-0.lib libglib-2.0-0.lib libgmodule-2.0-0.lib libgmp-10.lib libgmpxx-4.lib libgobject-2.0-0.lib libgomp-1.lib libgomp-plugin-host_nonshm-1.lib libgraphite2.lib libgthread-2.0-0.lib libgtk-3-0.lib libgtkreftestprivate-0.lib libharfbuzz-0.lib libharfbuzz-gobject-0.lib libharfbuzz-icu-0.lib libiconv-2.lib libintl-8.lib libjasper-1.lib libjpeg-8.lib libjson-glib-1.0-0.lib liblzma-5.lib liblzo2-2.lib libminizip-1.lib libpango-1.0-0.lib libpangocairo-1.0-0.lib libpangoft2-1.0-0.lib libpangowin32-1.0-0.lib libpcre-1.lib libpcre16-0.lib libpcre32-0.lib libpcrecpp-0.lib libpcreposix-0.lib libpixman-1-0.lib libpng16-16.lib libquadmath-0.lib librsvg-2-2.lib libssp-0.lib libstdc++-6.lib libtiff-5.lib libtiffxx-5.lib libturbojpeg-0.lib libvtv-0.lib libvtv_stubs-0.lib libwinpthread-1.lib libxml2-2.lib zlib1.lib  /ENTRY:mainCRTStartup Debug\main.obj
     1>MSVCRTD.lib(crtexe.obj) : error LNK2019: unresolved external symbol _main referenced in function ___tmainCRTStartup
     1>E:\sport\sportManageSystem\Debug\sportManageSystem.exe : fatal error LNK1120: 1 unresolved externals
     1>Done Building Project "E:\sport\sportManageSystem\sportManageSystem\sportManageSystem.vcxproj" (Build target(s)) -- FAILED.

Build FAILED.

Time Elapsed 00:00:01.62
